Determining if the pthread_create exist failed with the following output:
Change Dir: /home/andrew/ros/catkin_ws/build/CMakeFiles/CMakeTmp

Run Build Command:"/usr/bin/make" "cmTC_64a2d/fast"
/usr/bin/make -f CMakeFiles/cmTC_64a2d.dir/build.make CMakeFiles/cmTC_64a2d.dir/build
make[1]: Entering directory '/home/andrew/ros/catkin_ws/build/CMakeFiles/CMakeTmp'
Building C object CMakeFiles/cmTC_64a2d.dir/CheckSymbolExists.c.o
/usr/bin/cc    -o CMakeFiles/cmTC_64a2d.dir/CheckSymbolExists.c.o   -c /home/andrew/ros/catkin_ws/build/CMakeFiles/CMakeTmp/CheckSymbolExists.c
Linking C executable cmTC_64a2d
/usr/bin/cmake -E cmake_link_script CMakeFiles/cmTC_64a2d.dir/link.txt --verbose=1
/usr/bin/cc      -rdynamic CMakeFiles/cmTC_64a2d.dir/CheckSymbolExists.c.o  -o cmTC_64a2d 
/usr/bin/ld: CMakeFiles/cmTC_64a2d.dir/CheckSymbolExists.c.o: in function `main':
CheckSymbolExists.c:(.text+0x1b): undefined reference to `pthread_create'
collect2: error: ld returned 1 exit status
make[1]: *** [CMakeFiles/cmTC_64a2d.dir/build.make:87: cmTC_64a2d] Error 1
make[1]: Leaving directory '/home/andrew/ros/catkin_ws/build/CMakeFiles/CMakeTmp'
make: *** [Makefile:121: cmTC_64a2d/fast] Error 2

File /home/andrew/ros/catkin_ws/build/CMakeFiles/CMakeTmp/CheckSymbolExists.c:
/* */
#include <pthread.h>

int main(int argc, char** argv)
{
  (void)argv;
#ifndef pthread_create
  return ((int*)(&pthread_create))[argc];
#else
  (void)argc;
  return 0;
#endif
}

Determining if the function pthread_create exists in the pthreads failed with the following output:
Change Dir: /home/andrew/ros/catkin_ws/build/CMakeFiles/CMakeTmp

Run Build Command:"/usr/bin/make" "cmTC_a44da/fast"
/usr/bin/make -f CMakeFiles/cmTC_a44da.dir/build.make CMakeFiles/cmTC_a44da.dir/build
make[1]: Entering directory '/home/andrew/ros/catkin_ws/build/CMakeFiles/CMakeTmp'
Building C object CMakeFiles/cmTC_a44da.dir/CheckFunctionExists.c.o
/usr/bin/cc   -DCHECK_FUNCTION_EXISTS=pthread_create   -o CMakeFiles/cmTC_a44da.dir/CheckFunctionExists.c.o   -c /usr/share/cmake-3.13/Modules/CheckFunctionExists.c
Linking C executable cmTC_a44da
/usr/bin/cmake -E cmake_link_script CMakeFiles/cmTC_a44da.dir/link.txt --verbose=1
/usr/bin/cc  -DCHECK_FUNCTION_EXISTS=pthread_create    -rdynamic CMakeFiles/cmTC_a44da.dir/CheckFunctionExists.c.o  -o cmTC_a44da -lpthreads 
/usr/bin/ld: cannot find -lpthreads
collect2: error: ld returned 1 exit status
make[1]: *** [CMakeFiles/cmTC_a44da.dir/build.make:87: cmTC_a44da] Error 1
make[1]: Leaving directory '/home/andrew/ros/catkin_ws/build/CMakeFiles/CMakeTmp'
make: *** [Makefile:121: cmTC_a44da/fast] Error 2


